Arguments: 
  C:\Program Files\nodejs\node.exe C:\Users\sabarinathan\AppData\Roaming\npm\node_modules\yarn\bin\yarn.js add react-router-dom

PATH: 
  D:\downloads\python\Scripts\;D:\downloads\python\;C:\Program Files\Eclipse Adoptium\jdk-17.0.5.8-hotspot\bin;C:\Program Files\Common Files\Oracle\Java\javapath;C:\Program Files (x86)\Common Files\Oracle\Java\javapath;C:\Windows\system32;C:\Windows;C:\Windows\System32\Wbem;C:\Windows\System32\WindowsPowerShell\v1.0\;C:\Windows\System32\OpenSSH\;C:\Program Files (x86)\NVIDIA Corporation\PhysX\Common;C:\Program Files\NVIDIA Corporation\NVIDIA NvDLISR;C:\WINDOWS\system32;C:\WINDOWS;C:\WINDOWS\System32\Wbem;C:\WINDOWS\System32\WindowsPowerShell\v1.0\;C:\WINDOWS\System32\OpenSSH\;C:\Program Files\Java\jdk-19\bin;C:\Program Files\MySQL\MySQL Server 8.0\bin;D:\downloads\mongosh-1.10.1-win32-x64\mongosh-1.10.1-win32-x64\bin;C:\Users\sabarinathan\AppData\Roaming\nvm;C:\Program Files\nodejs;C:\Program Files\PuTTY\;D:\aws-cli\;D:\Git\cmd;D:\downloads\php;C:\composer;C:\Windows\System32\composer.phar;D:\downloads\redis;C:\Program Files\Docker\Docker\resources\bin;D:\downloads\nginx-1.24.0\nginx-1.24.0;C:\Program Files\MySQL\MySQL Shell 8.0\bin\;C:\Users\sabarinathan\AppData\Local\Microsoft\WindowsApps;C:\Users\sabarinathan\AppData\Local\Programs\Microsoft VS Code\bin;D:\Flutter\flutter\bin;C:\Program Files\MongoDB\Server\6.0\bin;C:\Users\sabarinathan\AppData\Roaming\npm;C:\Users\sabarinathan\AppData\Roaming\npm\node_modules\yarn\bin;C:\Users\sabarinathan\AppData\Roaming\nvm;C:\Program Files\nodejs;C:\Users\sabarinathan\AppData\Roaming\nvm\v18.16.0\node_modules\npm\bin;C:\Users\sabarinathan\AppData\Local\Programs\mongosh\;D:\downloads\IntelliJ IDEA 2023.3.3\bin;;D:\downloads\IntelliJ IDEA Community Edition 2023.3.3\bin;;D:\downloads\jdk-21.0.2\bin;C:\Users\sabarinathan\AppData\Roaming\Composer\vendor\bin

Yarn version: 
  1.22.19

Node version: 
  18.16.0

Platform: 
  win32 x64

Trace: 
  Error: EPERM: operation not permitted, unlink 'D:\downloads\Registration_Login_Form_MERN_Stack-main\frontend\node_modules\@esbuild\win32-x64\esbuild.exe'

npm manifest: 
  {
    "name": "client",
    "private": true,
    "version": "0.0.0",
    "type": "module",
    "scripts": {
      "dev": "vite",
      "build": "vite build",
      "lint": "eslint src --ext js,jsx --report-unused-disable-directives --max-warnings 0",
      "preview": "vite preview"
    },
    "dependencies": {
      "axios": "^1.4.0",
      "bootstrap": "^5.3.0",
      "react": "^18.2.0",
      "react-dom": "^18.2.0",
      "react-router-dom": "^6.23.1"
    },
    "devDependencies": {
      "@types/react": "^18.2.14",
      "@types/react-dom": "^18.2.6",
      "@vitejs/plugin-react": "^4.0.1",
      "eslint": "^8.44.0",
      "eslint-plugin-react": "^7.32.2",
      "eslint-plugin-react-hooks": "^4.6.0",
      "eslint-plugin-react-refresh": "^0.4.1",
      "vite": "^4.4.0"
    }
  }

yarn manifest: 
  No manifest

Lockfile: 
  No lockfile
